2021-09-06 13:14:55.424 [main] MY_LEVEL Symfinder - Symfinder version: e0e6ee7d078da19274a66ae2ae689e62fa383598
2021-09-06 13:15:20.679 [main] MY_LEVEL Symfinder - ClassesVisitor
2021-09-06 13:17:50.695 [main] MY_LEVEL Symfinder - visitors.ClassesVisitor execution time: 00:02:30.008
2021-09-06 13:17:50.698 [main] MY_LEVEL Symfinder - GraphBuilderVisitor
2021-09-06 13:18:33.135 [main] MY_LEVEL Symfinder - visitors.GraphBuilderVisitor execution time: 00:00:42.433
2021-09-06 13:18:33.138 [main] MY_LEVEL Symfinder - StrategyTemplateVisitor
2021-09-06 13:22:33.972 [main] MY_LEVEL Symfinder - visitors.StrategyTemplateDecoratorVisitor execution time: 00:04:00.830
2021-09-06 13:22:33.976 [main] MY_LEVEL Symfinder - FactoryVisitor
2021-09-06 13:25:23.003 [main] MY_LEVEL Symfinder - visitors.FactoryVisitor execution time: 00:02:49.021
2021-09-06 13:25:23.005 [main] MY_LEVEL Symfinder - ComposeTypeVisitor
2021-09-06 13:34:58.040 [main] MY_LEVEL Symfinder - visitors.ComposeTypeVisitor execution time: 00:09:35.033
2021-09-06 13:35:12.093 [main] MY_LEVEL Symfinder - Number of VPs: 1170
2021-09-06 13:35:12.106 [main] MY_LEVEL Symfinder - Number of methods VPs: 586
2021-09-06 13:35:12.118 [main] MY_LEVEL Symfinder - Number of constructors VPs: 167
2021-09-06 13:35:12.134 [main] MY_LEVEL Symfinder - Number of method level VPs: 753
2021-09-06 13:35:12.147 [main] MY_LEVEL Symfinder - Number of class level VPs: 417
2021-09-06 13:35:12.240 [main] MY_LEVEL Symfinder - Number of variants: 2201
2021-09-06 13:35:12.249 [main] MY_LEVEL Symfinder - Number of methods variants: 1386
2021-09-06 13:35:12.264 [main] MY_LEVEL Symfinder - Number of constructors variants: 400
2021-09-06 13:35:12.278 [main] MY_LEVEL Symfinder - Number of method level variants: 1786
2021-09-06 13:35:12.288 [main] MY_LEVEL Symfinder - Number of class level variants: 415
2021-09-06 13:35:12.321 [main] MY_LEVEL Symfinder - Number of nodes: 11728
2021-09-06 13:35:12.352 [main] MY_LEVEL Symfinder - Number of relationships: 16252
2021-09-06 13:35:12.389 [main] MY_LEVEL Symfinder - Number of corrected inheritance relationships: 107/1264
2021-09-06 13:35:19.352 [main] MY_LEVEL Symfinder - Total execution time: 00:20:23.928
